<?xml version="1.0" encoding="UTF-8"?>
<!-- Generated by org.testng.reporters.JUnitXMLReporter -->
<testsuite ignored="2" hostname="DESKTOP-AIR39DC" failures="2" tests="2" name="SanityTest" time="43.251" errors="0" timestamp="2024-03-21T14:01:47 PDT">
  <testcase classname="testCases.TC2_MenuFeatures" name="AboutPageVerification" time="6.283">
    <failure type="io.appium.java_client.NoSuchContextException" message="No such context found.
Build info: version: &amp;apos;4.13.0&amp;apos;, revision: &amp;apos;ba948ece5b*&amp;apos;
System info: os.name: &amp;apos;Windows 11&amp;apos;, os.arch: &amp;apos;amd64&amp;apos;, os.version: &amp;apos;10.0&amp;apos;, java.version: &amp;apos;17.0.7&amp;apos;
Driver info: io.appium.java_client.android.AndroidDriver
Command: [99998457-e16a-4c0c-be7b-b8386268e6e2, switchToContext {name=WEBVIEW_chrome}]
Capabilities {appium:app: C:\Users\super\eclipse-Appi..., appium:appPackage: com.saucelabs.mydemoapp.rn, appium:automationName: UIAutomator2, appium:chromedriverExecutable: C:\Users\super\Desktop\Stud..., appium:databaseEnabled: false, appium:desired: {app: C:\Users\super\eclipse-Appi..., automationName: UIAutomator2, chromedriverExecutable: C:\Users\super\Desktop\Stud..., platformName: ANDROID}, appium:deviceApiLevel: 34, appium:deviceManufacturer: samsung, appium:deviceModel: SM-S906U1, appium:deviceName: RFCTB11ALRK, appium:deviceScreenDensity: 450, appium:deviceScreenSize: 1080x2340, appium:deviceUDID: RFCTB11ALRK, appium:javascriptEnabled: true, appium:locationContextEnabled: false, appium:networkConnectionEnabled: true, appium:pixelRatio: 2.8125, appium:platformVersion: 14, appium:statBarHeight: 74, appium:takesScreenshot: true, appium:viewportRect: {height: 2150, left: 0, top: 74, width: 1080}, appium:warnings: {}, appium:webStorageEnabled: false, platformName: ANDROID}
Session ID: 99998457-e16a-4c0c-be7b-b8386268e6e2">
      <![CDATA[io.appium.java_client.NoSuchContextException: No such context found.
Build info: version: '4.13.0', revision: 'ba948ece5b*'
System info: os.name: 'Windows 11', os.arch: 'amd64', os.version: '10.0', java.version: '17.0.7'
Driver info: io.appium.java_client.android.AndroidDriver
Command: [99998457-e16a-4c0c-be7b-b8386268e6e2, switchToContext {name=WEBVIEW_chrome}]
Capabilities {appium:app: C:\Users\super\eclipse-Appi..., appium:appPackage: com.saucelabs.mydemoapp.rn, appium:automationName: UIAutomator2, appium:chromedriverExecutable: C:\Users\super\Desktop\Stud..., appium:databaseEnabled: false, appium:desired: {app: C:\Users\super\eclipse-Appi..., automationName: UIAutomator2, chromedriverExecutable: C:\Users\super\Desktop\Stud..., platformName: ANDROID}, appium:deviceApiLevel: 34, appium:deviceManufacturer: samsung, appium:deviceModel: SM-S906U1, appium:deviceName: RFCTB11ALRK, appium:deviceScreenDensity: 450, appium:deviceScreenSize: 1080x2340, appium:deviceUDID: RFCTB11ALRK, appium:javascriptEnabled: true, appium:locationContextEnabled: false, appium:networkConnectionEnabled: true, appium:pixelRatio: 2.8125, appium:platformVersion: 14, appium:statBarHeight: 74, appium:takesScreenshot: true, appium:viewportRect: {height: 2150, left: 0, top: 74, width: 1080}, appium:warnings: {}, appium:webStorageEnabled: false, platformName: ANDROID}
Session ID: 99998457-e16a-4c0c-be7b-b8386268e6e2
at io.appium.java_client.remote.SupportsContextSwitching.context(SupportsContextSwitching.java:48)
at testCases.TC2_MenuFeatures.AboutPageVerification(TC2_MenuFeatures.java:73)
at java.base/java.util.ArrayList.forEach(ArrayList.java:1511)
Caused by: org.openqa.selenium.WebDriverException: No such context found.
Build info: version: '4.13.0', revision: 'ba948ece5b*'
System info: os.name: 'Windows 11', os.arch: 'amd64', os.version: '10.0', java.version: '17.0.7'
Driver info: io.appium.java_client.android.AndroidDriver
Command: [99998457-e16a-4c0c-be7b-b8386268e6e2, switchToContext {name=WEBVIEW_chrome}]
Capabilities {appium:app: C:\Users\super\eclipse-Appi..., appium:appPackage: com.saucelabs.mydemoapp.rn, appium:automationName: UIAutomator2, appium:chromedriverExecutable: C:\Users\super\Desktop\Stud..., appium:databaseEnabled: false, appium:desired: {app: C:\Users\super\eclipse-Appi..., automationName: UIAutomator2, chromedriverExecutable: C:\Users\super\Desktop\Stud..., platformName: ANDROID}, appium:deviceApiLevel: 34, appium:deviceManufacturer: samsung, appium:deviceModel: SM-S906U1, appium:deviceName: RFCTB11ALRK, appium:deviceScreenDensity: 450, appium:deviceScreenSize: 1080x2340, appium:deviceUDID: RFCTB11ALRK, appium:javascriptEnabled: true, appium:locationContextEnabled: false, appium:networkConnectionEnabled: true, appium:pixelRatio: 2.8125, appium:platformVersion: 14, appium:statBarHeight: 74, appium:takesScreenshot: true, appium:viewportRect: {height: 2150, left: 0, top: 74, width: 1080}, appium:warnings: {}, appium:webStorageEnabled: false, platformName: ANDROID}
Session ID: 99998457-e16a-4c0c-be7b-b8386268e6e2
at org.openqa.selenium.remote.codec.w3c.W3CHttpResponseCodec.createException(W3CHttpResponseCodec.java:200)
at org.openqa.selenium.remote.codec.w3c.W3CHttpResponseCodec.decode(W3CHttpResponseCodec.java:133)
at org.openqa.selenium.remote.codec.w3c.W3CHttpResponseCodec.decode(W3CHttpResponseCodec.java:52)
at org.openqa.selenium.remote.HttpCommandExecutor.execute(HttpCommandExecutor.java:191)
at io.appium.java_client.remote.AppiumCommandExecutor.execute(AppiumCommandExecutor.java:250)
at org.openqa.selenium.remote.RemoteWebDriver.execute(RemoteWebDriver.java:602)
at org.openqa.selenium.remote.RemoteWebDriver.execute(RemoteWebDriver.java:675)
at io.appium.java_client.AppiumDriver.execute(AppiumDriver.java:308)
at io.appium.java_client.remote.SupportsContextSwitching.context(SupportsContextSwitching.java:45)
... 29 more
... Removed 32 stack frames]]>
    </failure>
  </testcase> <!-- AboutPageVerification -->
  <testcase classname="testCases.TC2_MenuFeatures" name="WebviewTest" time="10.132">
    <failure type="org.openqa.selenium.TimeoutException" message="Expected condition failed: waiting for element to be clickable: Located by By.chained({AppiumBy.accessibilityId: open menu}) (tried for 10 second(s) with 500 milliseconds interval)">
      <![CDATA[org.openqa.selenium.TimeoutException: Expected condition failed: waiting for element to be clickable: Located by By.chained({AppiumBy.accessibilityId: open menu}) (tried for 10 second(s) with 500 milliseconds interval)
at org.openqa.selenium.support.ui.WebDriverWait.timeoutException(WebDriverWait.java:84)
at org.openqa.selenium.support.ui.FluentWait.until(FluentWait.java:230)
at utilities.AppiumUtils.waitForElementToBeClickable(AppiumUtils.java:68)
at pageObjects.PageCommon.openMenu(PageCommon.java:83)
at testCases.TC2_MenuFeatures.WebviewTest(TC2_MenuFeatures.java:27)
at java.base/java.util.ArrayList.forEach(ArrayList.java:1511)
Caused by: org.openqa.selenium.NoSuchElementException: Can't locate an element by this strategy: By.chained({AppiumBy.accessibilityId: open menu})
at io.appium.java_client.pagefactory.AppiumElementLocator.findElement(AppiumElementLocator.java:166)
at io.appium.java_client.pagefactory.interceptors.InterceptorOfASingleElement.call(InterceptorOfASingleElement.java:64)
at io.appium.java_client.proxy.Interceptor.intercept(Interceptor.java:78)
at org.openqa.selenium.remote.RemoteWebElement$ByteBuddy$LD13uXlp.isDisplayed(Unknown Source)
at org.openqa.selenium.support.ui.ExpectedConditions.elementIfVisible(ExpectedConditions.java:304)
at org.openqa.selenium.support.ui.ExpectedConditions.access$000(ExpectedConditions.java:37)
at org.openqa.selenium.support.ui.ExpectedConditions$10.apply(ExpectedConditions.java:290)
at org.openqa.selenium.support.ui.ExpectedConditions$10.apply(ExpectedConditions.java:287)
at org.openqa.selenium.support.ui.ExpectedConditions$23.apply(ExpectedConditions.java:656)
at org.openqa.selenium.support.ui.ExpectedConditions$23.apply(ExpectedConditions.java:652)
at org.openqa.selenium.support.ui.FluentWait.until(FluentWait.java:205)
... 31 more
Caused by: org.openqa.selenium.TimeoutException: Expected condition failed: waiting for io.appium.java_client.pagefactory.AppiumElementLocator$WaitingFunction@57167ccb (tried for 1 second(s) with 500 milliseconds interval)
at org.openqa.selenium.support.ui.FluentWait.timeoutException(FluentWait.java:262)
at org.openqa.selenium.support.ui.FluentWait.until(FluentWait.java:230)
at io.appium.java_client.pagefactory.AppiumElementLocator.waitFor(AppiumElementLocator.java:135)
at io.appium.java_client.pagefactory.AppiumElementLocator.findElement(AppiumElementLocator.java:160)
... 41 more
Caused by: org.openqa.selenium.NoSuchElementException: Cannot locate an element using By.chained({AppiumBy.accessibilityId: open menu})
For documentation on this error, please visit: https://www.selenium.dev/documentation/webdriver/troubleshooting/errors#no-such-element-exception
Build info: version: '4.13.0', revision: 'ba948ece5b*'
System info: os.name: 'Windows 11', os.arch: 'amd64', os.version: '10.0', java.version: '17.0.7'
Driver info: driver.version: RemoteWebDriver
at io.appium.java_client.pagefactory.bys.builder.ByChained.findElement(ByChained.java:77)
at org.openqa.selenium.remote.ElementLocation$ElementFinder$1.findElement(ElementLocation.java:139)
at org.openqa.selenium.remote.ElementLocation.findElement(ElementLocation.java:59)
at org.openqa.selenium.remote.RemoteWebDriver.findElement(RemoteWebDriver.java:359)
at org.openqa.selenium.remote.RemoteWebDriver.findElement(RemoteWebDriver.java:353)
at io.appium.java_client.pagefactory.bys.ContentMappedBy.findElement(ContentMappedBy.java:53)
at org.openqa.selenium.remote.ElementLocation$ElementFinder$1.findElement(ElementLocation.java:139)
at org.openqa.selenium.remote.ElementLocation.findElement(ElementLocation.java:59)
at org.openqa.selenium.remote.RemoteWebDriver.findElement(RemoteWebDriver.java:359)
at org.openqa.selenium.remote.RemoteWebDriver.findElement(RemoteWebDriver.java:353)
at io.appium.java_client.pagefactory.AppiumElementLocator.lambda$findElement$1(AppiumElementLocator.java:160)
at io.appium.java_client.pagefactory.AppiumElementLocator$WaitingFunction.apply(AppiumElementLocator.java:217)
at io.appium.java_client.pagefactory.AppiumElementLocator$WaitingFunction.apply(AppiumElementLocator.java:210)
at org.openqa.selenium.support.ui.FluentWait.until(FluentWait.java:205)
... 43 more
... Removed 27 stack frames]]>
    </failure>
  </testcase> <!-- WebviewTest -->
  <testcase classname="testCases.TC2_MenuFeatures" name="LoginVerification" time="0.0">
    <ignored/>
  </testcase> <!-- LoginVerification -->
  <testcase classname="testCases.TC2_MenuFeatures" name="ResetAppVerification" time="0.0">
    <ignored/>
  </testcase> <!-- ResetAppVerification -->
</testsuite> <!-- SanityTest -->
